Arguments: 
  C:\Program Files\nodejs\node.exe C:\Users\Bruno\AppData\Local\node\corepack\yarn\1.22.19\bin\yarn.js init

PATH: 
  C:\Users\Bruno\bin;C:\Program Files\Git\mingw64\bin;C:\Program Files\Git\usr\local\bin;C:\Program Files\Git\usr\bin;C:\Program Files\Git\usr\bin;C:\Program Files\Git\mingw64\bin;C:\Program Files\Git\usr\bin;C:\Users\Bruno\bin;C:\Program Files (x86)\Common Files\Intel\Shared Libraries\redist\intel64_win\compiler;C:\Program Files (x86)\Common Files\Intel\Shared Libraries\redist\intel64\compiler;C:\Windows\system32;C:\Windows;C:\Windows\System32\Wbem;C:\Windows\System32\WindowsPowerShell\v1.0;C:\Program Files (x86)\NVIDIA Corporation\PhysX\Common;C:\WINDOWS\system32;C:\WINDOWS;C:\WINDOWS\System32\Wbem;C:\WINDOWS\System32\WindowsPowerShell\v1.0;C:\Program Files\Common Files\Autodesk Shared;C:\Program Files\Microsoft SQL Server\120\Tools\Binn;C:\WINDOWS\System32\OpenSSH;C:\Program Files (x86)\Common Files\Acronis\VirtualFile;C:\Program Files (x86)\Common Files\Acronis\VirtualFile64;C:\Program Files (x86)\Common Files\Acronis\SnapAPI;C:\Program Files\Intel\WiFi\bin;C:\Program Files\Common Files\Intel\WirelessCommon;C:\Program Files\3Delight\bin;C:\Program Files\dotnet;C:\Program Files\NVIDIA Corporation\NVIDIA NvDLISR;C:\Program Files (x86)\dotnet;C:\Users\Bruno\AppData\Roaming\nvm;C:\Program Files\nodejs;C:\Program Files\Git\cmd;C:\Program Files\PostgreSQL\16\bin;C:\ProgramData\chocolatey\bin;C:\Program Files\nodejs;C:\Users\Bruno\.console-ninja\.bin;C:\Users\Bruno\AppData\Local\Programs\Python\Python39\Scripts;C:\Users\Bruno\AppData\Local\Programs\Python\Python39;C:\Users\Bruno\AppData\Local\Microsoft\WindowsApps;C:\Users\Bruno\AppData\Local\Programs\Microsoft VS Code\bin;C:\Users\Bruno\AppData\Roaming\nvm;C:\Program Files\nodejs;C:\Users\Bruno\AppData\Local\GitHubDesktop\bin;C:\Program Files\JetBrains\WebStorm 2023.2.3\bin;C:\Users\Bruno\AppData\Roaming\npm;C:\Program Files\Git\usr\bin\vendor_perl;C:\Program Files\Git\usr\bin\core_perl

Yarn version: 
  1.22.19

Node version: 
  21.1.0

Platform: 
  win32 x64

Trace: 
  Error: Can't answer a question unless a user TTY
      at ConsoleReporter.question (C:\Users\Bruno\AppData\Local\node\corepack\yarn\1.22.19\lib\cli.js:92864:59)
      at Object.<anonymous> (C:\Users\Bruno\AppData\Local\node\corepack\yarn\1.22.19\lib\cli.js:85054:38)
      at Generator.next (<anonymous>)
      at step (C:\Users\Bruno\AppData\Local\node\corepack\yarn\1.22.19\lib\cli.js:310:30)
      at C:\Users\Bruno\AppData\Local\node\corepack\yarn\1.22.19\lib\cli.js:321:13

npm manifest: 
  No manifest

yarn manifest: 
  No manifest

Lockfile: 
  No lockfile
